<?xml version="1.0" encoding="UTF-8"?>
<testsuite xmlns:xsi="http://www.w3.org/2001/XMLSchema-instance" xsi:noNamespaceSchemaLocation="https://maven.apache.org/surefire/maven-surefire-plugin/xsd/surefire-test-report.xsd" name="com.quickstart.AppTest" time="0.033" tests="1" errors="0" skipped="0" failures="0">
  <properties>
    <property name="sun.desktop" value="windows"/>
    <property name="awt.toolkit" value="sun.awt.windows.WToolkit"/>
    <property name="file.encoding.pkg" value="sun.io"/>
    <property name="java.specification.version" value="1.8"/>
    <property name="sun.cpu.isalist" value="amd64"/>
    <property name="sun.jnu.encoding" value="GBK"/>
    <property name="java.class.path" value="D:\IdeaProject\test\target\test-classes;D:\IdeaProject\test\target\classes;D:\.m2\repository\mysql\mysql-connector-java\5.1.35\mysql-connector-java-5.1.35.jar;D:\.m2\repository\com\squareup\okio\okio\2.2.0\okio-2.2.0.jar;D:\.m2\repository\org\jetbrains\kotlin\kotlin-stdlib\1.2.60\kotlin-stdlib-1.2.60.jar;D:\.m2\repository\org\jetbrains\kotlin\kotlin-stdlib-common\1.2.60\kotlin-stdlib-common-1.2.60.jar;D:\.m2\repository\org\jetbrains\annotations\13.0\annotations-13.0.jar;D:\.m2\repository\junit\junit\4.11\junit-4.11.jar;D:\.m2\repository\org\hamcrest\hamcrest-core\1.3\hamcrest-core-1.3.jar;"/>
    <property name="java.vm.vendor" value="Oracle Corporation"/>
    <property name="sun.arch.data.model" value="64"/>
    <property name="user.variant" value=""/>
    <property name="java.vendor.url" value="http://java.oracle.com/"/>
    <property name="user.timezone" value="Asia/Shanghai"/>
    <property name="java.vm.specification.version" value="1.8"/>
    <property name="os.name" value="Windows 10"/>
    <property name="user.country" value="CN"/>
    <property name="sun.java.launcher" value="SUN_STANDARD"/>
    <property name="sun.boot.library.path" value="D:\software\Java\jdk1.8.0_111\jre\bin"/>
    <property name="sun.java.command" value="C:\Users\HANSON~1\AppData\Local\Temp\surefire4263708357972859614\surefirebooter1489582100988839321.jar C:\Users\hansong22\AppData\Local\Temp\surefire4263708357972859614 2020-03-27T21-15-40_689-jvmRun1 surefire5831113042444945143tmp surefire_03696529053782242523tmp"/>
    <property name="surefire.test.class.path" value="D:\IdeaProject\test\target\test-classes;D:\IdeaProject\test\target\classes;D:\.m2\repository\mysql\mysql-connector-java\5.1.35\mysql-connector-java-5.1.35.jar;D:\.m2\repository\com\squareup\okio\okio\2.2.0\okio-2.2.0.jar;D:\.m2\repository\org\jetbrains\kotlin\kotlin-stdlib\1.2.60\kotlin-stdlib-1.2.60.jar;D:\.m2\repository\org\jetbrains\kotlin\kotlin-stdlib-common\1.2.60\kotlin-stdlib-common-1.2.60.jar;D:\.m2\repository\org\jetbrains\annotations\13.0\annotations-13.0.jar;D:\.m2\repository\junit\junit\4.11\junit-4.11.jar;D:\.m2\repository\org\hamcrest\hamcrest-core\1.3\hamcrest-core-1.3.jar;"/>
    <property name="sun.cpu.endian" value="little"/>
    <property name="user.home" value="C:\Users\hansong22"/>
    <property name="user.language" value="zh"/>
    <property name="java.specification.vendor" value="Oracle Corporation"/>
    <property name="java.home" value="D:\software\Java\jdk1.8.0_111\jre"/>
    <property name="basedir" value="D:\IdeaProject\test"/>
    <property name="file.separator" value="\"/>
    <property name="line.separator" value="&#10;"/>
    <property name="java.vm.specification.vendor" value="Oracle Corporation"/>
    <property name="java.specification.name" value="Java Platform API Specification"/>
    <property name="java.awt.graphicsenv" value="sun.awt.Win32GraphicsEnvironment"/>
    <property name="surefire.real.class.path" value="C:\Users\HANSON~1\AppData\Local\Temp\surefire4263708357972859614\surefirebooter1489582100988839321.jar"/>
    <property name="sun.boot.class.path" value="D:\software\Java\jdk1.8.0_111\jre\lib\resources.jar;D:\software\Java\jdk1.8.0_111\jre\lib\rt.jar;D:\software\Java\jdk1.8.0_111\jre\lib\sunrsasign.jar;D:\software\Java\jdk1.8.0_111\jre\lib\jsse.jar;D:\software\Java\jdk1.8.0_111\jre\lib\jce.jar;D:\software\Java\jdk1.8.0_111\jre\lib\charsets.jar;D:\software\Java\jdk1.8.0_111\jre\lib\jfr.jar;D:\software\Java\jdk1.8.0_111\jre\classes"/>
    <property name="user.script" value=""/>
    <property name="sun.management.compiler" value="HotSpot 64-Bit Tiered Compilers"/>
    <property name="java.runtime.version" value="1.8.0_111-b14"/>
    <property name="user.name" value="hansong22"/>
    <property name="path.separator" value=";"/>
    <property name="os.version" value="10.0"/>
    <property name="java.endorsed.dirs" value="D:\software\Java\jdk1.8.0_111\jre\lib\endorsed"/>
    <property name="java.runtime.name" value="Java(TM) SE Runtime Environment"/>
    <property name="file.encoding" value="GBK"/>
    <property name="java.vm.name" value="Java HotSpot(TM) 64-Bit Server VM"/>
    <property name="localRepository" value="D:\.m2\repository"/>
    <property name="java.vendor.url.bug" value="http://bugreport.sun.com/bugreport/"/>
    <property name="java.io.tmpdir" value="C:\Users\HANSON~1\AppData\Local\Temp\"/>
    <property name="java.version" value="1.8.0_111"/>
    <property name="user.dir" value="D:\IdeaProject\test"/>
    <property name="os.arch" value="amd64"/>
    <property name="java.vm.specification.name" value="Java Virtual Machine Specification"/>
    <property name="java.awt.printerjob" value="sun.awt.windows.WPrinterJob"/>
    <property name="sun.os.patch.level" value=""/>
    <property name="java.library.path" value="D:\software\Java\jdk1.8.0_111\jre\bin;C:\windows\Sun\Java\bin;C:\windows\system32;C:\windows;C:\ProgramData\Oracle\Java\javapath;C:\windows\system32;C:\windows;C:\windows\System32\Wbem;C:\windows\System32\WindowsPowerShell\v1.0\;C:\windows\System32\OpenSSH\;D:\Program Files (x86)\scala\bin;D:\software\scala\bin;D:\Program Files\Git\cmd;C:\Program Files\Microsoft SQL Server\110\Tools\Binn\;C:\Program Files\Microsoft SQL Server\120\Tools\Binn\;C:\Program Files (x86)\Microsoft SQL Server\100\Tools\Binn\;C:\Program Files\Microsoft SQL Server\100\Tools\Binn\;C:\Program Files\Microsoft SQL Server\100\DTS\Binn\;C:\Users\hansong22\AppData\Local\Microsoft\WindowsApps;&quot;D:\software\Java\jdk1.8.0_111\bin;D:\software\Java\jdk1.8.0_111\jre\bin&quot;;D:\software\scala\bin;D:\software\apache-maven-3.3.9\bin;C:\Windows\Microsoft.NET\Framework\v4.0.30319;D:\software\findbugs-3.0.1\bin;D:\software\zlib-1.2.8;D:\software\cmake-3.9.0-rc3-win64-x64\bin;D:\cygwin64\bin;;."/>
    <property name="java.vm.info" value="mixed mode"/>
    <property name="java.vendor" value="Oracle Corporation"/>
    <property name="java.vm.version" value="25.111-b14"/>
    <property name="java.ext.dirs" value="D:\software\Java\jdk1.8.0_111\jre\lib\ext;C:\windows\Sun\Java\lib\ext"/>
    <property name="sun.io.unicode.encoding" value="UnicodeLittle"/>
    <property name="java.class.version" value="52.0"/>
  </properties>
  <testcase name="shouldAnswerWithTrue" classname="com.quickstart.AppTest" time="0.002"/>
</testsuite>